# JRE version: OpenJDK Runtime Environment (8.0_152-b06) (build 1.8.0_152-release-1136-b06)
# Java VM: OpenJDK 64-Bit Server VM (25.152-b06 mixed mode windows-amd64 compressed oops)
Heap:
 PSYoungGen      total 153600K, used 86928K [0x00000000e0000000, 0x00000000eb600000, 0x0000000100000000)
  eden space 140288K, 52% used [0x00000000e0000000,0x00000000e47e87c0,0x00000000e8900000)
  from space 13312K, 99% used [0x00000000ea900000,0x00000000eb5fbaf0,0x00000000eb600000)
  to   space 22016K, 0% used [0x00000000e8b00000,0x00000000e8b00000,0x00000000ea080000)
 ParOldGen       total 189440K, used 35323K [0x00000000a0000000, 0x00000000ab900000, 0x00000000e0000000)
  object space 189440K, 18% used [0x00000000a0000000,0x00000000a227ef18,0x00000000ab900000)
 Metaspace       used 65339K, capacity 67274K, committed 67456K, reserved 1107968K
  class space    used 8565K, capacity 9022K, committed 9088K, reserved 1048576K
GC Heap History (10 events):
Event: 6.850 GC heap before
{Heap before GC invocations=11 (full 2):
 PSYoungGen      total 110592K, used 106871K [0x00000000e0000000, 0x00000000e7880000, 0x0000000100000000)
  eden space 99840K, 100% used [0x00000000e0000000,0x00000000e6180000,0x00000000e6180000)
  from space 10752K, 65% used [0x00000000e6e00000,0x00000000e74ddee8,0x00000000e7880000)
  to   space 11776K, 0% used [0x00000000e6180000,0x00000000e6180000,0x00000000e6d00000)
 ParOldGen       total 125952K, used 17689K [0x00000000a0000000, 0x00000000a7b00000, 0x00000000e0000000)
  object space 125952K, 14% used [0x00000000a0000000,0x00000000a1146650,0x00000000a7b00000)
 Metaspace       used 47504K, capacity 48438K, committed 48768K, reserved 1091584K
  class space    used 6417K, capacity 6710K, committed 6784K, reserved 1048576K
Event: 6.863 GC heap after
Heap after GC invocations=11 (full 2):
 PSYoungGen      total 111616K, used 11763K [0x00000000e0000000, 0x00000000e9680000, 0x0000000100000000)
  eden space 99840K, 0% used [0x00000000e0000000,0x00000000e0000000,0x00000000e6180000)
  from space 11776K, 99% used [0x00000000e6180000,0x00000000e6cfcda0,0x00000000e6d00000)
  to   space 14848K, 0% used [0x00000000e8800000,0x00000000e8800000,0x00000000e9680000)
 ParOldGen       total 125952K, used 22138K [0x00000000a0000000, 0x00000000a7b00000, 0x00000000e0000000)
  object space 125952K, 17% used [0x00000000a0000000,0x00000000a159ea80,0x00000000a7b00000)
 Metaspace       used 47504K, capacity 48438K, committed 48768K, reserved 1091584K
  class space    used 6417K, capacity 6710K, committed 6784K, reserved 1048576K
}
Event: 8.459 GC heap before
{Heap before GC invocations=12 (full 2):
 PSYoungGen      total 111616K, used 111603K [0x00000000e0000000, 0x00000000e9680000, 0x0000000100000000)
  eden space 99840K, 100% used [0x00000000e0000000,0x00000000e6180000,0x00000000e6180000)
  from space 11776K, 99% used [0x00000000e6180000,0x00000000e6cfcda0,0x00000000e6d00000)
  to   space 14848K, 0% used [0x00000000e8800000,0x00000000e8800000,0x00000000e9680000)
 ParOldGen       total 125952K, used 22138K [0x00000000a0000000, 0x00000000a7b00000, 0x00000000e0000000)
  object space 125952K, 17% used [0x00000000a0000000,0x00000000a159ea80,0x00000000a7b00000)
 Metaspace       used 54725K, capacity 56296K, committed 56576K, reserved 1097728K
  class space    used 7469K, capacity 7851K, committed 7936K, reserved 1048576K
Event: 8.491 GC heap after
Heap after GC invocations=12 (full 2):
 PSYoungGen      total 135168K, used 14829K [0x00000000e0000000, 0x00000000ea080000, 0x0000000100000000)
  eden space 120320K, 0% used [0x00000000e0000000,0x00000000e0000000,0x00000000e7580000)
  from space 14848K, 99% used [0x00000000e8800000,0x00000000e967b530,0x00000000e9680000)
  to   space 18944K, 0% used [0x00000000e7580000,0x00000000e7580000,0x00000000e8800000)
 ParOldGen       total 125952K, used 28678K [0x00000000a0000000, 0x00000000a7b00000, 0x00000000e0000000)
  object space 125952K, 22% used [0x00000000a0000000,0x00000000a1c01888,0x00000000a7b00000)
 Metaspace       used 54725K, capacity 56296K, committed 56576K, reserved 1097728K
  class space    used 7469K, capacity 7851K, committed 7936K, reserved 1048576K
}
Event: 10.882 GC heap before
{Heap before GC invocations=13 (full 2):
 PSYoungGen      total 135168K, used 124139K [0x00000000e0000000, 0x00000000ea080000, 0x0000000100000000)
  eden space 120320K, 90% used [0x00000000e0000000,0x00000000e6abf830,0x00000000e7580000)
  from space 14848K, 99% used [0x00000000e8800000,0x00000000e967b530,0x00000000e9680000)
  to   space 18944K, 0% used [0x00000000e7580000,0x00000000e7580000,0x00000000e8800000)
 ParOldGen       total 125952K, used 28678K [0x00000000a0000000, 0x00000000a7b00000, 0x00000000e0000000)
  object space 125952K, 22% used [0x00000000a0000000,0x00000000a1c01888,0x00000000a7b00000)
 Metaspace       used 57311K, capacity 58970K, committed 59028K, reserved 1099776K
  class space    used 7784K, capacity 8184K, committed 8192K, reserved 1048576K
Event: 10.905 GC heap after
Heap after GC invocations=13 (full 2):
 PSYoungGen      total 139264K, used 18942K [0x00000000e0000000, 0x00000000ebf00000, 0x0000000100000000)
  eden space 120320K, 0% used [0x00000000e0000000,0x00000000e0000000,0x00000000e7580000)
  from space 18944K, 99% used [0x00000000e7580000,0x00000000e87ffab8,0x00000000e8800000)
  to   space 22528K, 0% used [0x00000000ea900000,0x00000000ea900000,0x00000000ebf00000)
 ParOldGen       total 125952K, used 30689K [0x00000000a0000000, 0x00000000a7b00000, 0x00000000e0000000)
  object space 125952K, 24% used [0x00000000a0000000,0x00000000a1df85f0,0x00000000a7b00000)
 Metaspace       used 57311K, capacity 58970K, committed 59028K, reserved 1099776K
  class space    used 7784K, capacity 8184K, committed 8192K, reserved 1048576K
}
Event: 10.905 GC heap before
{Heap before GC invocations=14 (full 3):
 PSYoungGen      total 139264K, used 18942K [0x00000000e0000000, 0x00000000ebf00000, 0x0000000100000000)
  eden space 120320K, 0% used [0x00000000e0000000,0x00000000e0000000,0x00000000e7580000)
  from space 18944K, 99% used [0x00000000e7580000,0x00000000e87ffab8,0x00000000e8800000)
  to   space 22528K, 0% used [0x00000000ea900000,0x00000000ea900000,0x00000000ebf00000)
 ParOldGen       total 125952K, used 30689K [0x00000000a0000000, 0x00000000a7b00000, 0x00000000e0000000)
  object space 125952K, 24% used [0x00000000a0000000,0x00000000a1df85f0,0x00000000a7b00000)
 Metaspace       used 57311K, capacity 58970K, committed 59028K, reserved 1099776K
  class space    used 7784K, capacity 8184K, committed 8192K, reserved 1048576K
Event: 11.166 GC heap after
Heap after GC invocations=14 (full 3):
 PSYoungGen      total 139264K, used 0K [0x00000000e0000000, 0x00000000ebf00000, 0x0000000100000000)
  eden space 120320K, 0% used [0x00000000e0000000,0x00000000e0000000,0x00000000e7580000)
  from space 18944K, 0% used [0x00000000e7580000,0x00000000e7580000,0x00000000e8800000)
  to   space 22528K, 0% used [0x00000000ea900000,0x00000000ea900000,0x00000000ebf00000)
 ParOldGen       total 189440K, used 35315K [0x00000000a0000000, 0x00000000ab900000, 0x00000000e0000000)
  object space 189440K, 18% used [0x00000000a0000000,0x00000000a227cf18,0x00000000ab900000)
 Metaspace       used 57311K, capacity 58970K, committed 59028K, reserved 1099776K
  class space    used 7784K, capacity 8184K, committed 8192K, reserved 1048576K
}
Event: 256.056 GC heap before
{Heap before GC invocations=15 (full 3):
 PSYoungGen      total 139264K, used 120010K [0x00000000e0000000, 0x00000000ebf00000, 0x0000000100000000)
  eden space 120320K, 99% used [0x00000000e0000000,0x00000000e75328b0,0x00000000e7580000)
  from space 18944K, 0% used [0x00000000e7580000,0x00000000e7580000,0x00000000e8800000)
  to   space 22528K, 0% used [0x00000000ea900000,0x00000000ea900000,0x00000000ebf00000)
 ParOldGen       total 189440K, used 35315K [0x00000000a0000000, 0x00000000ab900000, 0x00000000e0000000)
  object space 189440K, 18% used [0x00000000a0000000,0x00000000a227cf18,0x00000000ab900000)
 Metaspace       used 63697K, capacity 65578K, committed 65792K, reserved 1105920K
  class space    used 8460K, capacity 8926K, committed 8960K, reserved 1048576K
Event: 256.070 GC heap after
Heap after GC invocations=15 (full 3):
 PSYoungGen      total 153600K, used 13294K [0x00000000e0000000, 0x00000000eb600000, 0x0000000100000000)
  eden space 140288K, 0% used [0x00000000e0000000,0x00000000e0000000,0x00000000e8900000)
  from space 13312K, 99% used [0x00000000ea900000,0x00000000eb5fbaf0,0x00000000eb600000)
  to   space 22016K, 0% used [0x00000000e8b00000,0x00000000e8b00000,0x00000000ea080000)
 ParOldGen       total 189440K, used 35323K [0x00000000a0000000, 0x00000000ab900000, 0x00000000e0000000)
  object space 189440K, 18% used [0x00000000a0000000,0x00000000a227ef18,0x00000000ab900000)
 Metaspace       used 63697K, capacity 65578K, committed 65792K, reserved 1105920K
  class space    used 8460K, capacity 8926K, committed 8960K, reserved 1048576K
}

